  Game.cpp
M:\Programming\Labsheets\Labsheet 12 - Classes & Objects\Q1 - Player Project\Player - Template\Enemy_Example\Game.cpp(78,12): warning C4244: 'argument': conversion from 'time_t' to 'unsigned int', possible loss of data
  Player.cpp
M:\Programming\Labsheets\Labsheet 12 - Classes & Objects\Q1 - Player Project\Player - Template\Enemy_Example\Player.cpp(16,11): warning C4244: 'initializing': conversion from 'float' to 'int', possible loss of data
M:\Programming\Labsheets\Labsheet 12 - Classes & Objects\Q1 - Player Project\Player - Template\Enemy_Example\Player.cpp(17,11): warning C4244: 'initializing': conversion from 'float' to 'int', possible loss of data
M:\Programming\Labsheets\Labsheet 12 - Classes & Objects\Q1 - Player Project\Player - Template\Enemy_Example\Player.cpp(52,27): warning C4244: 'argument': conversion from 'int' to 'float', possible loss of data
M:\Programming\Labsheets\Labsheet 12 - Classes & Objects\Q1 - Player Project\Player - Template\Enemy_Example\Player.cpp(52,21): warning C4244: 'argument': conversion from 'int' to 'float', possible loss of data
M:\Programming\Labsheets\Labsheet 12 - Classes & Objects\Q1 - Player Project\Player - Template\Enemy_Example\Player.cpp(101,32): warning C4244: 'argument': conversion from 'T' to 'int', possible loss of data
          with
          [
              T=float
          ]
M:\Programming\Labsheets\Labsheet 12 - Classes & Objects\Q1 - Player Project\Player - Template\Enemy_Example\Player.cpp(101,20): warning C4244: 'argument': conversion from 'T' to 'int', possible loss of data
          with
          [
              T=float
          ]
  Generating Code...
Game.obj : error LNK2019: unresolved external symbol "__declspec(dllimport) class sf::Time __cdecl sf::seconds(float)" (__imp_?seconds@sf@@YA?AVTime@1@M@Z) referenced in function "public: void __cdecl Game::run(void)" (?run@Game@@QEAAXXZ)
Game.obj : error LNK2019: unresolved external symbol "__declspec(dllimport) bool __cdecl sf::operator>(class sf::Time,class sf::Time)" (__imp_??Osf@@YA_NVTime@0@0@Z) referenced in function "public: void __cdecl Game::run(void)" (?run@Game@@QEAAXXZ)
Game.obj : error LNK2019: unresolved external symbol "__declspec(dllimport) class sf::Time & __cdecl sf::operator+=(class sf::Time &,class sf::Time)" (__imp_??Ysf@@YAAEAVTime@0@AEAV10@V10@@Z) referenced in function "public: void __cdecl Game::run(void)" (?run@Game@@QEAAXXZ)
Game.obj : error LNK2019: unresolved external symbol "__declspec(dllimport) public: __cdecl sf::Clock::Clock(void)" (__imp_??0Clock@sf@@QEAA@XZ) referenced in function "public: void __cdecl Game::run(void)" (?run@Game@@QEAAXXZ)
Game.obj : error LNK2019: unresolved external symbol "__declspec(dllimport) public: class sf::Time __cdecl sf::Clock::restart(void)" (__imp_?restart@Clock@sf@@QEAA?AVTime@2@XZ) referenced in function "public: void __cdecl Game::run(void)" (?run@Game@@QEAAXXZ)
Game.obj : error LNK2019: unresolved external symbol "__declspec(dllimport) public: __cdecl sf::String::String(char const *,class std::locale const &)" (__imp_??0String@sf@@QEAA@PEBDAEBVlocale@std@@@Z) referenced in function "public: __cdecl Game::Game(void)" (??0Game@@QEAA@XZ)
Game.obj : error LNK2019: unresolved external symbol "__declspec(dllimport) public: __cdecl sf::String::~String(void)" (__imp_??1String@sf@@QEAA@XZ) referenced in function "public: __cdecl Game::Game(void)" (??0Game@@QEAA@XZ)
Game.obj : error LNK2019: unresolved external symbol "__declspec(dllimport) public: static bool __cdecl sf::Keyboard::isKeyPressed(enum sf::Keyboard::Key)" (__imp_?isKeyPressed@Keyboard@sf@@SA_NW4Key@12@@Z) referenced in function "private: void __cdecl Game::update(void)" (?update@Game@@AEAAXXZ)
Game.obj : error LNK2019: unresolved external symbol "__declspec(dllimport) public: __cdecl sf::VideoMode::VideoMode(unsigned int,unsigned int,unsigned int)" (__imp_??0VideoMode@sf@@QEAA@III@Z) referenced in function "public: __cdecl Game::Game(void)" (??0Game@@QEAA@XZ)
Game.obj : error LNK2019: unresolved external symbol "__declspec(dllimport) public: void __cdecl sf::Window::close(void)" (__imp_?close@Window@sf@@QEAAXXZ) referenced in function "public: void __cdecl Game::run(void)" (?run@Game@@QEAAXXZ)
Game.obj : error LNK2019: unresolved external symbol "__declspec(dllimport) public: bool __cdecl sf::Window::isOpen(void)const " (__imp_?isOpen@Window@sf@@QEBA_NXZ) referenced in function "public: void __cdecl Game::run(void)" (?run@Game@@QEAAXXZ)
Game.obj : error LNK2019: unresolved external symbol "__declspec(dllimport) public: bool __cdecl sf::Window::pollEvent(class sf::Event &)" (__imp_?pollEvent@Window@sf@@QEAA_NAEAVEvent@2@@Z) referenced in function "public: void __cdecl Game::run(void)" (?run@Game@@QEAAXXZ)
Game.obj : error LNK2019: unresolved external symbol "__declspec(dllimport) public: void __cdecl sf::Window::display(void)" (__imp_?display@Window@sf@@QEAAXXZ) referenced in function "private: void __cdecl Game::draw(void)" (?draw@Game@@AEAAXXZ)
Game.obj : error LNK2019: unresolved external symbol "__declspec(dllimport) public: void __cdecl sf::Transformable::setPosition(float,float)" (__imp_?setPosition@Transformable@sf@@QEAAXMM@Z) referenced in function "public: void __cdecl Game::loadContent(void)" (?loadContent@Game@@QEAAXXZ)
Player.obj : error LNK2001: unresolved external symbol "__declspec(dllimport) public: void __cdecl sf::Transformable::setPosition(float,float)" (__imp_?setPosition@Transformable@sf@@QEAAXMM@Z)
Game.obj : error LNK2019: unresolved external symbol "__declspec(dllimport) public: __cdecl sf::Color::Color(unsigned char,unsigned char,unsigned char,unsigned char)" (__imp_??0Color@sf@@QEAA@EEEE@Z) referenced in function "private: void __cdecl Game::draw(void)" (?draw@Game@@AEAAXXZ)
Game.obj : error LNK2019: unresolved external symbol "__declspec(dllimport) public: __cdecl sf::Texture::~Texture(void)" (__imp_??1Texture@sf@@QEAA@XZ) referenced in function "public: __cdecl Player::~Player(void)" (??1Player@@QEAA@XZ)
Player.obj : error LNK2001: unresolved external symbol "__declspec(dllimport) public: __cdecl sf::Texture::~Texture(void)" (__imp_??1Texture@sf@@QEAA@XZ)
Game.obj : error LNK2019: unresolved external symbol "__declspec(dllimport) public: __cdecl sf::Font::Font(void)" (__imp_??0Font@sf@@QEAA@XZ) referenced in function "public: __cdecl Game::Game(void)" (??0Game@@QEAA@XZ)
Game.obj : error LNK2019: unresolved external symbol "__declspec(dllimport) public: __cdecl sf::Font::~Font(void)" (__imp_??1Font@sf@@QEAA@XZ) referenced in function "int `public: __cdecl Game::Game(void)'::`1'::dtor$4" (?dtor$4@?0???0Game@@QEAA@XZ@4HA)
Game.obj : error LNK2019: unresolved external symbol "__declspec(dllimport) public: bool __cdecl sf::Font::loadFromFile(class std::basic_string<char,struct std::char_traits<char>,class std::allocator<char> > const &)" (__imp_?loadFromFile@Font@sf@@QEAA_NAEBV?$basic_string@DU?$char_traits@D@std@@V?$allocator@D@2@@std@@@Z) referenced in function "public: void __cdecl Game::loadContent(void)" (?loadContent@Game@@QEAAXXZ)
Game.obj : error LNK2019: unresolved external symbol "__declspec(dllimport) public: void __cdecl sf::RenderTarget::clear(class sf::Color const &)" (__imp_?clear@RenderTarget@sf@@QEAAXAEBVColor@2@@Z) referenced in function "private: void __cdecl Game::draw(void)" (?draw@Game@@AEAAXXZ)
Game.obj : error LNK2019: unresolved external symbol "__declspec(dllimport) public: void __cdecl sf::RenderTarget::draw(class sf::Drawable const &,class sf::RenderStates const &)" (__imp_?draw@RenderTarget@sf@@QEAAXAEBVDrawable@2@AEBVRenderStates@2@@Z) referenced in function "private: void __cdecl Game::draw(void)" (?draw@Game@@AEAAXXZ)
Game.obj : error LNK2019: unresolved external symbol "__declspec(dllimport) public: __cdecl sf::RenderWindow::RenderWindow(class sf::VideoMode,class sf::String const &,unsigned int,struct sf::ContextSettings const &)" (__imp_??0RenderWindow@sf@@QEAA@VVideoMode@1@AEBVString@1@IAEBUContextSettings@1@@Z) referenced in function "public: __cdecl Game::Game(void)" (??0Game@@QEAA@XZ)
Game.obj : error LNK2019: unresolved external symbol "__declspec(dllimport) public: virtual __cdecl sf::RenderWindow::~RenderWindow(void)" (__imp_??1RenderWindow@sf@@UEAA@XZ) referenced in function "int `public: __cdecl Game::Game(void)'::`1'::dtor$3" (?dtor$3@?0???0Game@@QEAA@XZ@4HA)
Game.obj : error LNK2019: unresolved external symbol "__declspec(dllimport) public: virtual __cdecl sf::Sprite::~Sprite(void)" (__imp_??1Sprite@sf@@UEAA@XZ) referenced in function "public: __cdecl Player::~Player(void)" (??1Player@@QEAA@XZ)
Player.obj : error LNK2001: unresolved external symbol "__declspec(dllimport) public: virtual __cdecl sf::Sprite::~Sprite(void)" (__imp_??1Sprite@sf@@UEAA@XZ)
Game.obj : error LNK2019: unresolved external symbol "__declspec(dllimport) public: __cdecl sf::Text::Text(void)" (__imp_??0Text@sf@@QEAA@XZ) referenced in function "public: __cdecl Game::Game(void)" (??0Game@@QEAA@XZ)
Game.obj : error LNK2019: unresolved external symbol "__declspec(dllimport) public: void __cdecl sf::Text::setString(class sf::String const &)" (__imp_?setString@Text@sf@@QEAAXAEBVString@2@@Z) referenced in function "private: void __cdecl Game::draw(void)" (?draw@Game@@AEAAXXZ)
Game.obj : error LNK2019: unresolved external symbol "__declspec(dllimport) public: void __cdecl sf::Text::setFont(class sf::Font const &)" (__imp_?setFont@Text@sf@@QEAAXAEBVFont@2@@Z) referenced in function "public: void __cdecl Game::loadContent(void)" (?loadContent@Game@@QEAAXXZ)
Game.obj : error LNK2019: unresolved external symbol "__declspec(dllimport) public: void __cdecl sf::Text::setCharacterSize(unsigned int)" (__imp_?setCharacterSize@Text@sf@@QEAAXI@Z) referenced in function "public: void __cdecl Game::loadContent(void)" (?loadContent@Game@@QEAAXXZ)
Game.obj : error LNK2019: unresolved external symbol "__declspec(dllimport) public: void __cdecl sf::Text::setFillColor(class sf::Color const &)" (__imp_?setFillColor@Text@sf@@QEAAXAEBVColor@2@@Z) referenced in function "public: void __cdecl Game::loadContent(void)" (?loadContent@Game@@QEAAXXZ)
Game.obj : error LNK2019: unresolved external symbol "__declspec(dllimport) public: virtual __cdecl sf::Text::~Text(void)" (__imp_??1Text@sf@@UEAA@XZ) referenced in function "public: __cdecl Game::~Game(void)" (??1Game@@QEAA@XZ)
Game.obj : error LNK2019: unresolved external symbol "__declspec(dllimport) public: static class sf::Time const sf::Time::Zero" (__imp_?Zero@Time@sf@@2V12@B) referenced in function "public: void __cdecl Game::run(void)" (?run@Game@@QEAAXXZ)
Game.obj : error LNK2019: unresolved external symbol "__declspec(dllimport) public: static class sf::RenderStates const sf::RenderStates::Default" (__imp_?Default@RenderStates@sf@@2V12@B) referenced in function "private: void __cdecl Game::draw(void)" (?draw@Game@@AEAAXXZ)
Game.obj : error LNK2019: unresolved external symbol "__declspec(dllimport) public: static class sf::Color const sf::Color::White" (__imp_?White@Color@sf@@2V12@B) referenced in function "public: void __cdecl Game::loadContent(void)" (?loadContent@Game@@QEAAXXZ)
Player.obj : error LNK2019: unresolved external symbol "__declspec(dllimport) public: class sf::Vector2<float> const & __cdecl sf::Transformable::getPosition(void)const " (__imp_?getPosition@Transformable@sf@@QEBAAEBV?$Vector2@M@2@XZ) referenced in function "public: void __cdecl Player::movement(void)" (?movement@Player@@QEAAXXZ)
Player.obj : error LNK2019: unresolved external symbol "__declspec(dllimport) public: __cdecl sf::Texture::Texture(void)" (__imp_??0Texture@sf@@QEAA@XZ) referenced in function "public: __cdecl Player::Player(void)" (??0Player@@QEAA@XZ)
Player.obj : error LNK2019: unresolved external symbol "__declspec(dllimport) public: bool __cdecl sf::Texture::loadFromFile(class std::basic_string<char,struct std::char_traits<char>,class std::allocator<char> > const &,class sf::Rect<int> const &)" (__imp_?loadFromFile@Texture@sf@@QEAA_NAEBV?$basic_string@DU?$char_traits@D@std@@V?$allocator@D@2@@std@@AEBV?$Rect@H@2@@Z) referenced in function "public: void __cdecl Player::loadImage(void)" (?loadImage@Player@@QEAAXXZ)
Player.obj : error LNK2019: unresolved external symbol "__declspec(dllimport) public: __cdecl sf::Sprite::Sprite(void)" (__imp_??0Sprite@sf@@QEAA@XZ) referenced in function "public: __cdecl Player::Player(void)" (??0Player@@QEAA@XZ)
Player.obj : error LNK2019: unresolved external symbol "__declspec(dllimport) public: void __cdecl sf::Sprite::setTexture(class sf::Texture const &,bool)" (__imp_?setTexture@Sprite@sf@@QEAAXAEBVTexture@2@_N@Z) referenced in function "public: void __cdecl Player::loadImage(void)" (?loadImage@Player@@QEAAXXZ)
Player.obj : error LNK2019: unresolved external symbol "__declspec(dllimport) public: class sf::Rect<float> __cdecl sf::Sprite::getLocalBounds(void)const " (__imp_?getLocalBounds@Sprite@sf@@QEBA?AV?$Rect@M@2@XZ) referenced in function "public: void __cdecl Player::movement(void)" (?movement@Player@@QEAAXXZ)
Player.obj : error LNK2019: unresolved external symbol "__declspec(dllimport) public: __cdecl sf::Sprite::Sprite(class sf::Sprite const &)" (__imp_??0Sprite@sf@@QEAA@AEBV01@@Z) referenced in function "public: class sf::Sprite __cdecl Player::getBody(void)" (?getBody@Player@@QEAA?AVSprite@sf@@XZ)
C:\SFML-2.5.1\lib\sfml-graphics-d.lib : warning LNK4272: library machine type 'x86' conflicts with target machine type 'x64'
C:\SFML-2.5.1\lib\sfml-audio-d.lib : warning LNK4272: library machine type 'x86' conflicts with target machine type 'x64'
C:\SFML-2.5.1\lib\sfml-system-d.lib : warning LNK4272: library machine type 'x86' conflicts with target machine type 'x64'
C:\SFML-2.5.1\lib\sfml-window-d.lib : warning LNK4272: library machine type 'x86' conflicts with target machine type 'x64'
C:\SFML-2.5.1\lib\sfml-network-d.lib : warning LNK4272: library machine type 'x86' conflicts with target machine type 'x64'
M:\Programming\Labsheets\Labsheet 12 - Classes & Objects\Q1 - Player Project\Player - Template\x64\Debug\PlayerProject.exe : fatal error LNK1120: 40 unresolved externals
