  Player.cpp
M:\Programming\Labsheets\Labsheet 12 - Classes & Objects\Q1 - Player Project\Player - Template\Enemy_Example\Player.cpp(16,11): warning C4244: 'initializing': conversion from 'float' to 'int', possible loss of data
M:\Programming\Labsheets\Labsheet 12 - Classes & Objects\Q1 - Player Project\Player - Template\Enemy_Example\Player.cpp(17,11): warning C4244: 'initializing': conversion from 'float' to 'int', possible loss of data
M:\Programming\Labsheets\Labsheet 12 - Classes & Objects\Q1 - Player Project\Player - Template\Enemy_Example\Player.cpp(57,27): warning C4244: 'argument': conversion from 'int' to 'float', possible loss of data
M:\Programming\Labsheets\Labsheet 12 - Classes & Objects\Q1 - Player Project\Player - Template\Enemy_Example\Player.cpp(57,21): warning C4244: 'argument': conversion from 'int' to 'float', possible loss of data
M:\Programming\Labsheets\Labsheet 12 - Classes & Objects\Q1 - Player Project\Player - Template\Enemy_Example\Player.cpp(115,33): warning C4244: 'argument': conversion from 'T' to 'int', possible loss of data
          with
          [
              T=float
          ]
M:\Programming\Labsheets\Labsheet 12 - Classes & Objects\Q1 - Player Project\Player - Template\Enemy_Example\Player.cpp(115,21): warning C4244: 'argument': conversion from 'T' to 'int', possible loss of data
          with
          [
              T=float
          ]
M:\Programming\Labsheets\Labsheet 12 - Classes & Objects\Q1 - Player Project\Player - Template\Enemy_Example\Player.cpp(120,33): warning C4244: 'argument': conversion from 'T' to 'int', possible loss of data
          with
          [
              T=float
          ]
M:\Programming\Labsheets\Labsheet 12 - Classes & Objects\Q1 - Player Project\Player - Template\Enemy_Example\Player.cpp(120,21): warning C4244: 'argument': conversion from 'T' to 'int', possible loss of data
          with
          [
              T=float
          ]
  Enemy_Example.vcxproj -> M:\Programming\Labsheets\Labsheet 12 - Classes & Objects\Q1 - Player Project\Player - Template\Debug\PlayerProject.exe
